<!DOCTYPE html>
<html>
<head>
<meta http-equiv="Content-Type" content="text/html; charset=utf-8"/>
<meta http-equiv="x-ua-compatible" content="IE=edge"/>
<title>Test results - Class ro.cosu.vampires.client.ForkExecutorActorTest</title>
<link href="../css/base-style.css" rel="stylesheet" type="text/css"/>
<link href="../css/style.css" rel="stylesheet" type="text/css"/>
<script src="../js/report.js" type="text/javascript"></script>
</head>
<body>
<div id="content">
<h1>Class ro.cosu.vampires.client.ForkExecutorActorTest</h1>
<div class="breadcrumbs">
<a href="../index.html">all</a> &gt; 
<a href="../packages/ro.cosu.vampires.client.html">ro.cosu.vampires.client</a> &gt; ForkExecutorActorTest</div>
<div id="summary">
<table>
<tr>
<td>
<div class="summaryGroup">
<table>
<tr>
<td>
<div class="infoBox" id="tests">
<div class="counter">1</div>
<p>tests</p>
</div>
</td>
<td>
<div class="infoBox" id="failures">
<div class="counter">0</div>
<p>failures</p>
</div>
</td>
<td>
<div class="infoBox" id="ignored">
<div class="counter">0</div>
<p>ignored</p>
</div>
</td>
<td>
<div class="infoBox" id="duration">
<div class="counter">0.627s</div>
<p>duration</p>
</div>
</td>
</tr>
</table>
</div>
</td>
<td>
<div class="infoBox success" id="successRate">
<div class="percent">100%</div>
<p>successful</p>
</div>
</td>
</tr>
</table>
</div>
<div id="tabs">
<ul class="tabLinks">
<li>
<a href="#tab0">Tests</a>
</li>
<li>
<a href="#tab1">Standard output</a>
</li>
</ul>
<div id="tab0" class="tab">
<h2>Tests</h2>
<table>
<thead>
<tr>
<th>Test</th>
<th>Duration</th>
<th>Result</th>
</tr>
</thead>
<tr>
<td class="success">testExecutorActor</td>
<td>0.627s</td>
<td class="success">passed</td>
</tr>
</table>
</div>
<div id="tab1" class="tab">
<h2>Standard output</h2>
<span class="code">
<pre>2017-07-17 12:41:12,383 INFO  akka.event.slf4j.Slf4jLogger [] []- Slf4jLogger started
2017-07-17 12:41:12,398 DEBUG akka.event.EventStream [Test worker] [EventStream(akka://default)]- logger log1-Slf4jLogger started
2017-07-17 12:41:12,398 DEBUG akka.event.EventStream [Test worker] [EventStream(akka://default)]- Default Loggers started
2017-07-17 12:41:12,464 INFO  akka.remote.Remoting [Test worker] [akka.remote.Remoting]- Starting remoting
2017-07-17 12:41:12,544 INFO  akka.remote.Remoting [Test worker] [akka.remote.Remoting]- Remoting started; listening on addresses :[akka.tcp://default@127.0.0.1:43719]
2017-07-17 12:41:12,778 ERROR r.c.v.c.e.docker.DockerModule [] []- failed to create docker cpu count : org.apache.http.conn.HttpHostConnectException: Connect to 127.0.0.1:2375 [/127.0.0.1] failed: Connection refused
2017-07-17 12:41:12,779 INFO  r.c.v.c.e.AbstractExecutorModule [] []-  cpuCount: 0 countSetSize: 1
2017-07-17 12:41:12,869 INFO  r.c.v.c.e.docker.DockerExecutor [] []- docker is not available: org.apache.http.conn.HttpHostConnectException: Connect to 127.0.0.1:2375 [/127.0.0.1] failed: Connection refused
2017-07-17 12:41:12,870 WARN  r.c.v.c.e.ExecutorsExtensionImpl [] []- docker executor not available
2017-07-17 12:41:12,871 DEBUG r.c.v.c.e.ExecutorsExtensionImpl [] []- {}
java.lang.IllegalArgumentException: null
	at com.google.common.base.Preconditions.checkArgument(Preconditions.java:120)
	at ro.cosu.vampires.client.extension.ExecutorsExtensionImpl.&lt;init&gt;(ExecutorsExtensionImpl.java:61)
	at ro.cosu.vampires.client.extension.ExecutorsExtension.createExtension(ExecutorsExtension.java:46)
	at ro.cosu.vampires.client.extension.ExecutorsExtension.createExtension(ExecutorsExtension.java:32)
	at akka.actor.ActorSystemImpl.registerExtension(ActorSystem.scala:880)
	at akka.actor.ExtensionId$class.apply(Extension.scala:77)
	at akka.actor.AbstractExtensionId.apply(Extension.scala:104)
	at akka.actor.ExtensionId$class.get(Extension.scala:89)
	at akka.actor.AbstractExtensionId.get(Extension.scala:104)
	at ro.cosu.vampires.client.actors.ExecutorActor.&lt;init&gt;(ExecutorActor.java:42)
	at sun.reflect.NativeConstructorAccessorImpl.newInstance0(Native Method)
	at sun.reflect.NativeConstructorAccessorImpl.newInstance(NativeConstructorAccessorImpl.java:62)
	at sun.reflect.DelegatingConstructorAccessorImpl.newInstance(DelegatingConstructorAccessorImpl.java:45)
	at java.lang.reflect.Constructor.newInstance(Constructor.java:408)
	at akka.util.Reflect$.instantiate(Reflect.scala:65)
	at akka.actor.ArgsReflectConstructor.produce(IndirectActorProducer.scala:96)
	at akka.actor.Props.newActor(Props.scala:213)
	at akka.actor.ActorCell.newActor(ActorCell.scala:563)
	at akka.actor.ActorCell.create(ActorCell.scala:589)
	at akka.actor.ActorCell.invokeAll$1(ActorCell.scala:462)
	at akka.actor.ActorCell.systemInvoke(ActorCell.scala:484)
	at akka.dispatch.Mailbox.processAllSystemMessages(Mailbox.scala:282)
	at akka.testkit.CallingThreadDispatcher.process$1(CallingThreadDispatcher.scala:243)
	at akka.testkit.CallingThreadDispatcher.runQueue(CallingThreadDispatcher.scala:283)
	at akka.testkit.CallingThreadDispatcher.register(CallingThreadDispatcher.scala:152)
	at akka.dispatch.MessageDispatcher.attach(AbstractDispatcher.scala:131)
	at akka.actor.dungeon.Dispatch$class.start(Dispatch.scala:102)
	at akka.actor.ActorCell.start(ActorCell.scala:370)
	at akka.testkit.TestActorRef.&lt;init&gt;(TestActorRef.scala:50)
	at akka.testkit.TestActorRef$.apply(TestActorRef.scala:146)
	at akka.testkit.TestActorRef$.apply(TestActorRef.scala:137)
	at akka.testkit.TestActorRef$.create(TestActorRef.scala:191)
	at akka.testkit.TestActorRef.create(TestActorRef.scala)
	at ro.cosu.vampires.client.ForkExecutorActorTest.testExecutorActor(ForkExecutorActorTest.java:60)
	at sun.reflect.NativeMethodAccessorImpl.invoke0(Native Method)
	at sun.reflect.NativeMethodAccessorImpl.invoke(NativeMethodAccessorImpl.java:62)
	at sun.reflect.DelegatingMethodAccessorImpl.invoke(DelegatingMethodAccessorImpl.java:43)
	at java.lang.reflect.Method.invoke(Method.java:483)
	at org.junit.runners.model.FrameworkMethod$1.runReflectiveCall(FrameworkMethod.java:50)
	at org.junit.internal.runners.model.ReflectiveCallable.run(ReflectiveCallable.java:12)
	at org.junit.runners.model.FrameworkMethod.invokeExplosively(FrameworkMethod.java:47)
	at org.junit.internal.runners.statements.InvokeMethod.evaluate(InvokeMethod.java:17)
	at org.junit.runners.ParentRunner.runLeaf(ParentRunner.java:325)
	at org.junit.runners.BlockJUnit4ClassRunner.runChild(BlockJUnit4ClassRunner.java:78)
	at org.junit.runners.BlockJUnit4ClassRunner.runChild(BlockJUnit4ClassRunner.java:57)
	at org.junit.runners.ParentRunner$3.run(ParentRunner.java:290)
	at org.junit.runners.ParentRunner$1.schedule(ParentRunner.java:71)
	at org.junit.runners.ParentRunner.runChildren(ParentRunner.java:288)
	at org.junit.runners.ParentRunner.access$000(ParentRunner.java:58)
	at org.junit.runners.ParentRunner$2.evaluate(ParentRunner.java:268)
	at org.junit.internal.runners.statements.RunBefores.evaluate(RunBefores.java:26)
	at org.junit.internal.runners.statements.RunAfters.evaluate(RunAfters.java:27)
	at org.junit.runners.ParentRunner.run(ParentRunner.java:363)
	at org.gradle.api.internal.tasks.testing.junit.JUnitTestClassExecuter.runTestClass(JUnitTestClassExecuter.java:114)
	at org.gradle.api.internal.tasks.testing.junit.JUnitTestClassExecuter.execute(JUnitTestClassExecuter.java:57)
	at org.gradle.api.internal.tasks.testing.junit.JUnitTestClassProcessor.processTestClass(JUnitTestClassProcessor.java:66)
	at org.gradle.api.internal.tasks.testing.SuiteTestClassProcessor.processTestClass(SuiteTestClassProcessor.java:51)
	at sun.reflect.NativeMethodAccessorImpl.invoke0(Native Method)
	at sun.reflect.NativeMethodAccessorImpl.invoke(NativeMethodAccessorImpl.java:62)
	at sun.reflect.DelegatingMethodAccessorImpl.invoke(DelegatingMethodAccessorImpl.java:43)
	at java.lang.reflect.Method.invoke(Method.java:483)
	at org.gradle.internal.dispatch.ReflectionDispatch.dispatch(ReflectionDispatch.java:35)
	at org.gradle.internal.dispatch.ReflectionDispatch.dispatch(ReflectionDispatch.java:24)
	at org.gradle.internal.dispatch.ContextClassLoaderDispatch.dispatch(ContextClassLoaderDispatch.java:32)
	at org.gradle.internal.dispatch.ProxyDispatchAdapter$DispatchingInvocationHandler.invoke(ProxyDispatchAdapter.java:93)
	at com.sun.proxy.$Proxy2.processTestClass(Unknown Source)
	at org.gradle.api.internal.tasks.testing.worker.TestWorker.processTestClass(TestWorker.java:109)
	at sun.reflect.NativeMethodAccessorImpl.invoke0(Native Method)
	at sun.reflect.NativeMethodAccessorImpl.invoke(NativeMethodAccessorImpl.java:62)
	at sun.reflect.DelegatingMethodAccessorImpl.invoke(DelegatingMethodAccessorImpl.java:43)
	at java.lang.reflect.Method.invoke(Method.java:483)
	at org.gradle.internal.dispatch.ReflectionDispatch.dispatch(ReflectionDispatch.java:35)
	at org.gradle.internal.dispatch.ReflectionDispatch.dispatch(ReflectionDispatch.java:24)
	at org.gradle.internal.remote.internal.hub.MessageHub$Handler.run(MessageHub.java:377)
	at org.gradle.internal.concurrent.ExecutorPolicy$CatchAndRecordFailures.onExecute(ExecutorPolicy.java:54)
	at org.gradle.internal.concurrent.StoppableExecutorImpl$1.run(StoppableExecutorImpl.java:40)
	at java.util.concurrent.ThreadPoolExecutor.runWorker(ThreadPoolExecutor.java:1142)
	at java.util.concurrent.ThreadPoolExecutor$Worker.run(ThreadPoolExecutor.java:617)
	at java.lang.Thread.run(Thread.java:745)
2017-07-17 12:41:12,956 INFO  r.c.v.c.e.AbstractExecutorModule [] []-  cpuCount: 32 countSetSize: 1
2017-07-17 12:41:12,982 INFO  r.c.v.c.e.ExecutorsExtensionImpl [] []- available executors: {FORK=32}
2017-07-17 12:41:12,995 DEBUG r.c.v.c.a.FixedCpuSetAllocator [] []- take CpuSet{cpuSet=[0]}
2017-07-17 12:41:13,003 DEBUG r.c.v.c.executors.fork.ForkExecutor [] []- Acquired cpus CpuSet{cpuSet=[0]}
2017-07-17 12:41:13,008 INFO  r.c.v.c.executors.fork.ForkExecutor [] []- executing test with timeout 10 minutes
2017-07-17 12:41:13,171 DEBUG r.c.v.c.a.FixedCpuSetAllocator [] []- release CPUset CpuSet{cpuSet=[0]}
2017-07-17 12:41:13,171 DEBUG r.c.v.c.executors.fork.ForkExecutor [] []- Trace{start=2017-07-17T12:41:13.009Z[Etc/UTC], stop=2017-07-17T12:41:13.171Z[Etc/UTC], executorMetrics=Metrics{metrics=[], metadata={}, id=empty}, cpuSet=[0], totalCpuCount=32, executor=FORK}
2017-07-17 12:41:13,173 DEBUG r.c.v.client.actors.ExecutorActor [Test worker] [akka://default/user/executor1]- done executing job 6e91e485-b04d-49cb-9825-9fc571278ce2
2017-07-17 12:41:13,214 INFO  a.r.RemoteActorRefProvider$RemotingTerminator [default-akka.remote.default-remote-dispatcher-7] [akka.tcp://default@127.0.0.1:43719/system/remoting-terminator]- Shutting down remote daemon.
2017-07-17 12:41:13,215 INFO  a.r.RemoteActorRefProvider$RemotingTerminator [default-akka.remote.default-remote-dispatcher-7] [akka.tcp://default@127.0.0.1:43719/system/remoting-terminator]- Remote daemon shut down; proceeding with flushing remote transports.
2017-07-17 12:41:13,252 INFO  a.r.RemoteActorRefProvider$RemotingTerminator [default-akka.remote.default-remote-dispatcher-17] [akka.tcp://default@127.0.0.1:43719/system/remoting-terminator]- Remoting shut down.
</pre>
</span>
</div>
</div>
<div id="footer">
<p>
<div>
<label class="hidden" id="label-for-line-wrapping-toggle" for="line-wrapping-toggle">Wrap lines
<input id="line-wrapping-toggle" type="checkbox" autocomplete="off"/>
</label>
</div>Generated by 
<a href="http://www.gradle.org">Gradle 3.0</a> at Jul 17, 2017 12:41:20 PM</p>
</div>
</div>
</body>
</html>
