<!DOCTYPE html>
<html>
<head>
<meta http-equiv="Content-Type" content="text/html; charset=utf-8"/>
<meta http-equiv="x-ua-compatible" content="IE=edge"/>
<title>Test results - Class ro.cosu.vampires.server.resources.ec2.EC2ResourceTest</title>
<link href="../css/base-style.css" rel="stylesheet" type="text/css"/>
<link href="../css/style.css" rel="stylesheet" type="text/css"/>
<script src="../js/report.js" type="text/javascript"></script>
</head>
<body>
<div id="content">
<h1>Class ro.cosu.vampires.server.resources.ec2.EC2ResourceTest</h1>
<div class="breadcrumbs">
<a href="../index.html">all</a> &gt; 
<a href="../packages/ro.cosu.vampires.server.resources.ec2.html">ro.cosu.vampires.server.resources.ec2</a> &gt; EC2ResourceTest</div>
<div id="summary">
<table>
<tr>
<td>
<div class="summaryGroup">
<table>
<tr>
<td>
<div class="infoBox" id="tests">
<div class="counter">6</div>
<p>tests</p>
</div>
</td>
<td>
<div class="infoBox" id="failures">
<div class="counter">1</div>
<p>failures</p>
</div>
</td>
<td>
<div class="infoBox" id="ignored">
<div class="counter">0</div>
<p>ignored</p>
</div>
</td>
<td>
<div class="infoBox" id="duration">
<div class="counter">2.602s</div>
<p>duration</p>
</div>
</td>
</tr>
</table>
</div>
</td>
<td>
<div class="infoBox failures" id="successRate">
<div class="percent">83%</div>
<p>successful</p>
</div>
</td>
</tr>
</table>
</div>
<div id="tabs">
<ul class="tabLinks">
<li>
<a href="#tab0">Failed tests</a>
</li>
<li>
<a href="#tab1">Tests</a>
</li>
<li>
<a href="#tab2">Standard output</a>
</li>
</ul>
<div id="tab0" class="tab">
<h2>Failed tests</h2>
<div class="test">
<a name="testInvalidInstanceType"></a>
<h3 class="failures">testInvalidInstanceType</h3>
<span class="code">
<pre>com.google.inject.CreationException: Unable to create injector, see the following errors:

1) Error in custom provider, org.mockito.exceptions.misusing.InvalidUseOfMatchersException: 
Misplaced argument matcher detected here:

-&gt; at ro.cosu.vampires.server.resources.ec2.EC2ResourceTest.testEC2Client(EC2ResourceTest.java:155)

You cannot use argument matchers outside of verification or stubbing.
Examples of correct usage of argument matchers:
    when(mock.get(anyInt())).thenReturn(null);
    doThrow(new RuntimeException()).when(mock).someVoidMethod(anyObject());
    verify(mock).someMethod(contains(&quot;foo&quot;))

Also, this error might show up because you use argument matchers with methods that cannot be mocked.
Following methods *cannot* be stubbed/verified: final/private/equals()/hashCode().
Mocking methods declared on non-public parent classes is not supported.

  at ro.cosu.vampires.server.resources.ec2.EC2ResourceTest$1.provideAmazonEc2(EC2ResourceTest.java:67)
  while locating com.amazonaws.services.ec2.AmazonEC2Client
    for field at ro.cosu.vampires.server.resources.ec2.EC2ResourceProvider.amazonEC2Client(EC2ResourceProvider.java:47)
  while locating ro.cosu.vampires.server.resources.ec2.EC2ResourceProvider
  at ro.cosu.vampires.server.resources.ec2.EC2ResourceTest$1.configure(EC2ResourceTest.java:73)
  while locating ro.cosu.vampires.server.resources.ResourceProvider annotated with @com.google.inject.multibindings.Element(setName=,uniqueId=94, type=MAPBINDER, keyType=ro.cosu.vampires.server.resources.Resource$ProviderType)

1 error
	at com.google.inject.internal.Errors.throwCreationExceptionIfErrorsExist(Errors.java:470)
	at com.google.inject.internal.InternalInjectorCreator.injectDynamically(InternalInjectorCreator.java:184)
	at com.google.inject.internal.InternalInjectorCreator.build(InternalInjectorCreator.java:110)
	at com.google.inject.Guice.createInjector(Guice.java:99)
	at com.google.inject.Guice.createInjector(Guice.java:73)
	at com.google.inject.Guice.createInjector(Guice.java:62)
	at ro.cosu.vampires.server.resources.ec2.EC2ResourceTest.setUp(EC2ResourceTest.java:67)
	at sun.reflect.NativeMethodAccessorImpl.invoke0(Native Method)
	at sun.reflect.NativeMethodAccessorImpl.invoke(NativeMethodAccessorImpl.java:62)
	at sun.reflect.DelegatingMethodAccessorImpl.invoke(DelegatingMethodAccessorImpl.java:43)
	at java.lang.reflect.Method.invoke(Method.java:483)
	at org.junit.runners.model.FrameworkMethod$1.runReflectiveCall(FrameworkMethod.java:50)
	at org.junit.internal.runners.model.ReflectiveCallable.run(ReflectiveCallable.java:12)
	at org.junit.runners.model.FrameworkMethod.invokeExplosively(FrameworkMethod.java:47)
	at org.junit.internal.runners.statements.RunBefores.evaluate(RunBefores.java:24)
	at org.junit.runners.ParentRunner.runLeaf(ParentRunner.java:325)
	at org.junit.runners.BlockJUnit4ClassRunner.runChild(BlockJUnit4ClassRunner.java:78)
	at org.junit.runners.BlockJUnit4ClassRunner.runChild(BlockJUnit4ClassRunner.java:57)
	at org.junit.runners.ParentRunner$3.run(ParentRunner.java:290)
	at org.junit.runners.ParentRunner$1.schedule(ParentRunner.java:71)
	at org.junit.runners.ParentRunner.runChildren(ParentRunner.java:288)
	at org.junit.runners.ParentRunner.access$000(ParentRunner.java:58)
	at org.junit.runners.ParentRunner$2.evaluate(ParentRunner.java:268)
	at org.junit.runners.ParentRunner.run(ParentRunner.java:363)
	at org.gradle.api.internal.tasks.testing.junit.JUnitTestClassExecuter.runTestClass(JUnitTestClassExecuter.java:114)
	at org.gradle.api.internal.tasks.testing.junit.JUnitTestClassExecuter.execute(JUnitTestClassExecuter.java:57)
	at org.gradle.api.internal.tasks.testing.junit.JUnitTestClassProcessor.processTestClass(JUnitTestClassProcessor.java:66)
	at org.gradle.api.internal.tasks.testing.SuiteTestClassProcessor.processTestClass(SuiteTestClassProcessor.java:51)
	at sun.reflect.GeneratedMethodAccessor7.invoke(Unknown Source)
	at sun.reflect.DelegatingMethodAccessorImpl.invoke(DelegatingMethodAccessorImpl.java:43)
	at java.lang.reflect.Method.invoke(Method.java:483)
	at org.gradle.internal.dispatch.ReflectionDispatch.dispatch(ReflectionDispatch.java:35)
	at org.gradle.internal.dispatch.ReflectionDispatch.dispatch(ReflectionDispatch.java:24)
	at org.gradle.internal.dispatch.ContextClassLoaderDispatch.dispatch(ContextClassLoaderDispatch.java:32)
	at org.gradle.internal.dispatch.ProxyDispatchAdapter$DispatchingInvocationHandler.invoke(ProxyDispatchAdapter.java:93)
	at com.sun.proxy.$Proxy2.processTestClass(Unknown Source)
	at org.gradle.api.internal.tasks.testing.worker.TestWorker.processTestClass(TestWorker.java:109)
	at sun.reflect.GeneratedMethodAccessor6.invoke(Unknown Source)
	at sun.reflect.DelegatingMethodAccessorImpl.invoke(DelegatingMethodAccessorImpl.java:43)
	at java.lang.reflect.Method.invoke(Method.java:483)
	at org.gradle.internal.dispatch.ReflectionDispatch.dispatch(ReflectionDispatch.java:35)
	at org.gradle.internal.dispatch.ReflectionDispatch.dispatch(ReflectionDispatch.java:24)
	at org.gradle.internal.remote.internal.hub.MessageHub$Handler.run(MessageHub.java:377)
	at org.gradle.internal.concurrent.ExecutorPolicy$CatchAndRecordFailures.onExecute(ExecutorPolicy.java:54)
	at org.gradle.internal.concurrent.StoppableExecutorImpl$1.run(StoppableExecutorImpl.java:40)
	at java.util.concurrent.ThreadPoolExecutor.runWorker(ThreadPoolExecutor.java:1142)
	at java.util.concurrent.ThreadPoolExecutor$Worker.run(ThreadPoolExecutor.java:617)
	at java.lang.Thread.run(Thread.java:745)
Caused by: org.mockito.exceptions.misusing.InvalidUseOfMatchersException: 
Misplaced argument matcher detected here:

-&gt; at ro.cosu.vampires.server.resources.ec2.EC2ResourceTest.testEC2Client(EC2ResourceTest.java:155)

You cannot use argument matchers outside of verification or stubbing.
Examples of correct usage of argument matchers:
    when(mock.get(anyInt())).thenReturn(null);
    doThrow(new RuntimeException()).when(mock).someVoidMethod(anyObject());
    verify(mock).someMethod(contains(&quot;foo&quot;))

Also, this error might show up because you use argument matchers with methods that cannot be mocked.
Following methods *cannot* be stubbed/verified: final/private/equals()/hashCode().
Mocking methods declared on non-public parent classes is not supported.

	at ro.cosu.vampires.server.resources.ec2.EC2ResourceTest$1.provideAmazonEc2(EC2ResourceTest.java:96)
	at sun.reflect.NativeMethodAccessorImpl.invoke0(Native Method)
	at sun.reflect.NativeMethodAccessorImpl.invoke(NativeMethodAccessorImpl.java:62)
	at sun.reflect.DelegatingMethodAccessorImpl.invoke(DelegatingMethodAccessorImpl.java:43)
	at java.lang.reflect.Method.invoke(Method.java:483)
	at com.google.inject.internal.ProviderMethod$ReflectionProviderMethod.doProvision(ProviderMethod.java:292)
	at com.google.inject.internal.ProviderMethod$Factory.provision(ProviderMethod.java:401)
	at com.google.inject.internal.ProviderMethod$Factory.get(ProviderMethod.java:376)
	at com.google.inject.internal.SingleFieldInjector.inject(SingleFieldInjector.java:54)
	at com.google.inject.internal.MembersInjectorImpl.injectMembers(MembersInjectorImpl.java:132)
	at com.google.inject.internal.ConstructorInjector.provision(ConstructorInjector.java:120)
	at com.google.inject.internal.ConstructorInjector.construct(ConstructorInjector.java:90)
	at com.google.inject.internal.ConstructorBindingImpl$Factory.get(ConstructorBindingImpl.java:268)
	at com.google.inject.internal.FactoryProxy.get(FactoryProxy.java:56)
	at com.google.inject.internal.ProviderToInternalFactoryAdapter$1.call(ProviderToInternalFactoryAdapter.java:46)
	at com.google.inject.internal.InjectorImpl.callInContext(InjectorImpl.java:1092)
	at com.google.inject.internal.ProviderToInternalFactoryAdapter.get(ProviderToInternalFactoryAdapter.java:40)
	at com.google.inject.internal.SingletonScope$1.get(SingletonScope.java:194)
	at com.google.inject.internal.InternalFactoryToProviderAdapter.get(InternalFactoryToProviderAdapter.java:41)
	at com.google.inject.internal.InternalInjectorCreator$1.call(InternalInjectorCreator.java:205)
	at com.google.inject.internal.InternalInjectorCreator$1.call(InternalInjectorCreator.java:199)
	at com.google.inject.internal.InjectorImpl.callInContext(InjectorImpl.java:1085)
	at com.google.inject.internal.InternalInjectorCreator.loadEagerSingletons(InternalInjectorCreator.java:199)
	at com.google.inject.internal.InternalInjectorCreator.injectDynamically(InternalInjectorCreator.java:180)
	... 46 more
</pre>
</span>
</div>
</div>
<div id="tab1" class="tab">
<h2>Tests</h2>
<table>
<thead>
<tr>
<th>Test</th>
<th>Duration</th>
<th>Result</th>
</tr>
</thead>
<tr>
<td class="success">createEC2Resource</td>
<td>0.008s</td>
<td class="success">passed</td>
</tr>
<tr>
<td class="success">testCustomInstanceType</td>
<td>0.010s</td>
<td class="success">passed</td>
</tr>
<tr>
<td class="success">testEC2Client</td>
<td>0.465s</td>
<td class="success">passed</td>
</tr>
<tr>
<td class="failures">testInvalidInstanceType</td>
<td>0.017s</td>
<td class="failures">failed</td>
</tr>
<tr>
<td class="success">testInvalidRegion</td>
<td>0.013s</td>
<td class="success">passed</td>
</tr>
<tr>
<td class="success">testStartStopEC2Resource</td>
<td>2.089s</td>
<td class="success">passed</td>
</tr>
</table>
</div>
<div id="tab2" class="tab">
<h2>Standard output</h2>
<span class="code">
<pre>2016-09-18 22:47:28,360 DEBUG r.c.v.s.r.ec2.EC2ResourceModule [] []- reading credentials  AWS from foo
2016-09-18 22:47:28,361 ERROR r.c.v.s.r.ec2.EC2ResourceModule [] []- could not find ec2 credentials file: foo
2016-09-18 22:47:28,395 DEBUG r.c.v.s.resources.ec2.EC2Resource [] []- EC2 eu-west-1.t2.micro 83c59d5e-5f9d-4f22-90de-e514d506704d = UNKNOWN =&gt; SLEEPING
2016-09-18 22:47:28,395 DEBUG r.c.v.s.resources.ec2.EC2Resource [] []- EC2 eu-west-1.t2.micro 83c59d5e-5f9d-4f22-90de-e514d506704d = SLEEPING =&gt; STARTING
2016-09-18 22:47:28,410 DEBUG r.c.v.s.resources.ec2.EC2Resource [] []- EC2command:  bar  83c59d5e-5f9d-4f22-90de-e514d506704d
2016-09-18 22:47:28,432 DEBUG r.c.v.s.resources.ec2.EC2Resource [] []- Started amazon instance foo
2016-09-18 22:47:30,465 INFO  r.c.v.s.resources.ec2.EC2Resource [] []- instance foo : foo
2016-09-18 22:47:30,465 DEBUG r.c.v.s.resources.ec2.EC2Resource [] []- EC2 eu-west-1.t2.micro 83c59d5e-5f9d-4f22-90de-e514d506704d = STARTING =&gt; RUNNING
2016-09-18 22:47:30,467 DEBUG r.c.v.s.resources.ec2.EC2Resource [] []- EC2 eu-west-1.t2.micro 83c59d5e-5f9d-4f22-90de-e514d506704d = RUNNING =&gt; STOPPING
2016-09-18 22:47:30,468 DEBUG r.c.v.s.resources.ec2.EC2Resource [] []- terminate instance null
2016-09-18 22:47:30,468 DEBUG r.c.v.s.resources.ec2.EC2Resource [] []- EC2 eu-west-1.t2.micro 83c59d5e-5f9d-4f22-90de-e514d506704d = STOPPING =&gt; STOPPED
2016-09-18 22:47:30,476 DEBUG r.c.v.s.resources.ec2.EC2Resource [] []- EC2 eu-west-1.t2.micro 29735bac-b1a0-4597-ba71-e094bec96974 = UNKNOWN =&gt; SLEEPING
2016-09-18 22:47:30,486 DEBUG r.c.v.s.resources.ec2.EC2Resource [] []- EC2 eu-west-1.t2.medium 66d8dfd4-52cd-4f2c-bfc7-27947a289846 = UNKNOWN =&gt; SLEEPING
</pre>
</span>
</div>
</div>
<div id="footer">
<p>
<div>
<label class="hidden" id="label-for-line-wrapping-toggle" for="line-wrapping-toggle">Wrap lines
<input id="line-wrapping-toggle" type="checkbox" autocomplete="off"/>
</label>
</div>Generated by 
<a href="http://www.gradle.org">Gradle 3.0</a> at Sep 18, 2016 10:47:35 PM</p>
</div>
</div>
</body>
</html>
